<?xml version="1.0" encoding="UTF-8"?>
<!-- Generated by org.testng.reporters.JUnitReportReporter -->
<testsuite hostname="LAPTOP-J1828RIE" failures="0" tests="1" name="testscript.LoginTest" time="3.456" errors="0" timestamp="2025-09-01T11:51:21 IST" skipped="0">
  <testcase classname="testscript.LoginTest" name="verifyLoginWithValidUsernameAndInvalidPassword" time="3.456"/>
</testsuite> <!-- testscript.LoginTest -->
