<?xml version="1.0" encoding="UTF-8"?>
<!-- Generated by org.testng.reporters.JUnitReportReporter -->
<testsuite hostname="LAPTOP-J1828RIE" failures="0" tests="2" name="testscript.AdminUsersTest" time="7.143" errors="0" timestamp="2025-09-21T11:31:38 IST" skipped="0">
  <testcase classname="testscript.AdminUsersTest" name="verifywhetherUserIsableToClickOnAddNewUser" time="3.589"/>
  <testcase classname="testscript.AdminUsersTest" name="verifywhetherUserIsableSearchOnNewUser" time="3.554"/>
</testsuite> <!-- testscript.AdminUsersTest -->
