<?xml version="1.0" encoding="UTF-8"?>
<!-- Generated by org.testng.reporters.JUnitReportReporter -->
<testsuite hostname="LAPTOP-J1828RIE" failures="0" tests="3" name="testscript.ManageNewsTest" time="7.248" errors="0" timestamp="2025-09-21T12:04:44 IST" skipped="0">
  <testcase classname="testscript.ManageNewsTest" name="verifySearchNewNewsButton" time="2.144"/>
  <testcase classname="testscript.ManageNewsTest" name="verifyResetBottonFunctionality" time="2.257"/>
  <testcase classname="testscript.ManageNewsTest" name="verifyWheatherUserIsAbleToAddNewNews" time="2.847"/>
</testsuite> <!-- testscript.ManageNewsTest -->
