<?xml version="1.0" encoding="UTF-8"?>
<!-- Generated by org.testng.reporters.JUnitReportReporter -->
<testsuite hostname="LAPTOP-J1828RIE" failures="0" tests="1" name="testscript.AdminUsersTest" time="4.728" errors="0" timestamp="2025-09-01T11:54:29 IST" skipped="0">
  <testcase classname="testscript.AdminUsersTest" name="verifywhetherUserIsableToClickOnAddNewUser" time="4.728"/>
</testsuite> <!-- testscript.AdminUsersTest -->
