<?xml version="1.0" encoding="UTF-8"?>
<!-- Generated by org.testng.reporters.JUnitReportReporter -->
<testsuite hostname="LAPTOP-J1828RIE" failures="0" tests="2" name="testscript.AdminUsersTest" time="4.725" errors="0" timestamp="2025-09-18T00:55:37 IST" skipped="0">
  <testcase classname="testscript.AdminUsersTest" name="verifywhetherUserIsableToClickOnAddNewUser" time="2.358"/>
  <testcase classname="testscript.AdminUsersTest" name="verifywhetherUserIsableSearchOnNewUser" time="2.367"/>
</testsuite> <!-- testscript.AdminUsersTest -->
