<?xml version="1.0" encoding="UTF-8"?>
<!-- Generated by org.testng.reporters.JUnitReportReporter -->
<testsuite hostname="LAPTOP-J1828RIE" failures="0" tests="1" name="testscript.AdminUsersTest" time="4.540" errors="0" timestamp="2025-08-29T22:42:08 IST" skipped="0">
  <testcase classname="testscript.AdminUsersTest" name="verifywhetherUserIsableToClickOnAdminicon" time="4.540"/>
</testsuite> <!-- testscript.AdminUsersTest -->
