<?xml version="1.0" encoding="UTF-8"?>
<!-- Generated by org.testng.reporters.JUnitReportReporter -->
<testsuite hostname="LAPTOP-J1828RIE" failures="0" tests="4" name="testscript.LoginTest" time="26.268" errors="0" timestamp="2025-09-23T15:24:22 IST" skipped="0">
  <testcase classname="testscript.LoginTest" name="verifyLoginWithValidCredentials" time="3.320"/>
  <testcase classname="testscript.LoginTest" name="verifyLoginWithaInvalidUsernameAndValidPassword" time="2.228"/>
  <testcase classname="testscript.LoginTest" name="verifyLoginWithValidUsernameAndInvalidPassword" time="18.475"/>
  <testcase classname="testscript.LoginTest" name="verifyLoginWithInvalidUsernameAndInvalidPassword" time="2.245"/>
</testsuite> <!-- testscript.LoginTest -->
