<?xml version="1.0" encoding="UTF-8"?>
<!-- Generated by org.testng.reporters.JUnitReportReporter -->
<testsuite hostname="LAPTOP-J1828RIE" failures="0" tests="2" name="testscript.AdminUsersTest" time="5.597" errors="0" timestamp="2025-09-12T10:55:36 IST" skipped="1">
  <testcase classname="testscript.AdminUsersTest" name="verifywhetherUserIsableSearchOnNewUser" time="2.791">
    <skipped/>
  </testcase> <!-- verifywhetherUserIsableSearchOnNewUser -->
  <testcase classname="testscript.AdminUsersTest" name="verifywhetherUserIsableSearchOnNewUser" time="2.806"/>
</testsuite> <!-- testscript.AdminUsersTest -->
