<?xml version="1.0" encoding="UTF-8"?>
<!-- Generated by org.testng.reporters.JUnitReportReporter -->
<testsuite hostname="LAPTOP-J1828RIE" failures="0" tests="3" name="testscript.ManageNewsTest" time="10.581" errors="0" timestamp="2025-09-23T15:24:22 IST" skipped="0">
  <testcase classname="testscript.ManageNewsTest" name="verifyResetBottonFunctionality" time="3.292"/>
  <testcase classname="testscript.ManageNewsTest" name="verifySearchNewNewsButton" time="3.096"/>
  <testcase classname="testscript.ManageNewsTest" name="verifyWheatherUserIsAbleToAddNewNews" time="4.193"/>
</testsuite> <!-- testscript.ManageNewsTest -->
