<?xml version="1.0" encoding="UTF-8"?>
<!-- Generated by org.testng.reporters.JUnitReportReporter -->
<testsuite hostname="LAPTOP-J1828RIE" failures="0" tests="1" name="testscript.LoginTest" time="3.761" errors="0" timestamp="2025-09-10T01:36:18 IST" skipped="0">
  <testcase classname="testscript.LoginTest" name="verifyLoginWithaInvalidUsernameAndValidPassword" time="3.761"/>
</testsuite> <!-- testscript.LoginTest -->
