<?xml version="1.0" encoding="UTF-8"?>
<!-- Generated by org.testng.reporters.JUnitReportReporter -->
<testsuite hostname="LAPTOP-J1828RIE" failures="0" tests="2" name="testscript.AdminUsersTest" time="6.452" errors="0" timestamp="2025-09-24T00:03:01 IST" skipped="0">
  <testcase classname="testscript.AdminUsersTest" name="verifywhetherUserIsableToClickOnAddNewUser" time="3.328"/>
  <testcase classname="testscript.AdminUsersTest" name="verifywhetherUserIsableSearchOnNewUser" time="3.124"/>
</testsuite> <!-- testscript.AdminUsersTest -->
