<?xml version="1.0" encoding="UTF-8"?>
<!-- Generated by org.testng.reporters.JUnitReportReporter -->
<testsuite hostname="LAPTOP-J1828RIE" failures="0" tests="3" name="testscript.ManageNewsTest" time="10.713" errors="0" timestamp="2025-09-24T00:03:01 IST" skipped="0">
  <testcase classname="testscript.ManageNewsTest" name="verifyResetBottonFunctionality" time="3.711"/>
  <testcase classname="testscript.ManageNewsTest" name="verifySearchNewNewsButton" time="3.093"/>
  <testcase classname="testscript.ManageNewsTest" name="verifyWheatherUserIsAbleToAddNewNews" time="3.909"/>
</testsuite> <!-- testscript.ManageNewsTest -->
