<?xml version="1.0" encoding="UTF-8"?>
<!-- Generated by org.testng.reporters.JUnitReportReporter -->
<testsuite hostname="LAPTOP-J1828RIE" failures="0" tests="3" name="testscript.ManageNewsTest" time="6.645" errors="0" timestamp="2025-09-18T00:55:37 IST" skipped="0">
  <testcase classname="testscript.ManageNewsTest" name="verifyResetBottonFunctionality" time="2.192"/>
  <testcase classname="testscript.ManageNewsTest" name="verifySearchNewNewsButton" time="2.021"/>
  <testcase classname="testscript.ManageNewsTest" name="verifyWheatherUserIsAbleToAddNewNews" time="2.432"/>
</testsuite> <!-- testscript.ManageNewsTest -->
