<?xml version="1.0" encoding="UTF-8"?>
<!-- Generated by org.testng.reporters.JUnitReportReporter -->
<testsuite hostname="LAPTOP-J1828RIE" failures="0" tests="1" name="testscript.ManageNewsTest" time="3.250" errors="0" timestamp="2025-09-09T09:06:13 IST" skipped="0">
  <testcase classname="testscript.ManageNewsTest" name="verifyWheatherUserIsAbleToAddNewNews" time="3.250"/>
</testsuite> <!-- testscript.ManageNewsTest -->
