<?xml version="1.0" encoding="UTF-8"?>
<!-- Generated by org.testng.reporters.JUnitReportReporter -->
<testsuite hostname="LAPTOP-J1828RIE" failures="0" tests="1" name="testscript.ManageNewsTest" time="2.823" errors="0" timestamp="2025-09-12T12:27:54 IST" skipped="0">
  <testcase classname="testscript.ManageNewsTest" name="verifyResetBottonFunctionality" time="2.823"/>
</testsuite> <!-- testscript.ManageNewsTest -->
