<?xml version="1.0" encoding="UTF-8"?>
<!-- Generated by org.testng.reporters.JUnitReportReporter -->
<testsuite hostname="LAPTOP-J1828RIE" failures="0" tests="3" name="testscript.ManageNewsTest" time="10.096" errors="0" timestamp="2025-09-21T11:31:38 IST" skipped="0">
  <testcase classname="testscript.ManageNewsTest" name="verifyResetBottonFunctionality" time="3.049"/>
  <testcase classname="testscript.ManageNewsTest" name="verifySearchNewNewsButton" time="2.987"/>
  <testcase classname="testscript.ManageNewsTest" name="verifyWheatherUserIsAbleToAddNewNews" time="4.060"/>
</testsuite> <!-- testscript.ManageNewsTest -->
