<?xml version="1.0" encoding="UTF-8"?>
<!-- Generated by org.testng.reporters.JUnitReportReporter -->
<testsuite hostname="LAPTOP-J1828RIE" failures="0" tests="1" name="testscript.HomeTest" time="2.739" errors="0" timestamp="2025-09-23T15:24:22 IST" skipped="0">
  <testcase classname="testscript.HomeTest" name="verifywhetherUserIsableToLogOut" time="2.739"/>
</testsuite> <!-- testscript.HomeTest -->
