<?xml version="1.0" encoding="UTF-8"?>
<!-- Generated by org.testng.reporters.JUnitReportReporter -->
<testsuite hostname="LAPTOP-J1828RIE" failures="0" tests="1" name="testscript.AdminUsersTest" time="3.027" errors="0" timestamp="2025-09-08T22:45:02 IST" skipped="0">
  <testcase classname="testscript.AdminUsersTest" name="verifywhetherUserIsableSearchOnNewUser" time="3.027"/>
</testsuite> <!-- testscript.AdminUsersTest -->
