<?xml version="1.0" encoding="UTF-8"?>
<!-- Generated by org.testng.reporters.JUnitReportReporter -->
<testsuite hostname="LAPTOP-J1828RIE" failures="0" tests="1" name="testscript.HomeTest" time="4.068" errors="0" timestamp="2025-08-29T21:59:02 IST" skipped="0">
  <testcase classname="testscript.HomeTest" name="verifywhetherUserIsableToLogOut" time="4.068"/>
</testsuite> <!-- testscript.HomeTest -->
