<?xml version="1.0" encoding="UTF-8"?>
<!-- Generated by org.testng.reporters.JUnitReportReporter -->
<testsuite hostname="LAPTOP-J1828RIE" failures="0" tests="1" name="testscript.HomeTest" time="2.199" errors="0" timestamp="2025-09-09T09:02:52 IST" skipped="0">
  <testcase classname="testscript.HomeTest" name="verifywhetherUserIsableToLogOut" time="2.199"/>
</testsuite> <!-- testscript.HomeTest -->
