<?xml version="1.0" encoding="UTF-8"?>
<!-- Generated by org.testng.reporters.JUnitReportReporter -->
<testsuite hostname="LAPTOP-J1828RIE" failures="0" tests="1" name="testscript.LoginTest" time="1.991" errors="0" timestamp="2025-09-08T08:40:00 IST" skipped="0">
  <testcase classname="testscript.LoginTest" name="verifyLoginWithValidCredentials" time="1.991"/>
</testsuite> <!-- testscript.LoginTest -->
